mode: count
tp07/back/handlers.go:16.32,18.2 1 22
tp07/back/handlers.go:22.50,23.76 1 22
tp07/back/handlers.go:23.76,25.19 2 8
tp07/back/handlers.go:26.23,27.31 1 3
tp07/back/handlers.go:28.24,29.32 1 4
tp07/back/handlers.go:30.11,31.46 1 1
tp07/back/handlers.go:35.2,35.77 1 22
tp07/back/handlers.go:35.77,39.17 4 9
tp07/back/handlers.go:39.17,42.4 2 2
tp07/back/handlers.go:43.3,43.19 1 7
tp07/back/handlers.go:44.23,45.36 1 5
tp07/back/handlers.go:46.26,47.33 1 2
tp07/back/handlers.go:48.11,49.46 1 0
tp07/back/handlers.go:53.2,53.74 1 22
tp07/back/handlers.go:53.74,55.19 2 3
tp07/back/handlers.go:56.23,57.29 1 1
tp07/back/handlers.go:58.24,59.30 1 2
tp07/back/handlers.go:60.11,61.46 1 0
tp07/back/handlers.go:65.2,65.75 1 22
tp07/back/handlers.go:65.75,68.41 3 5
tp07/back/handlers.go:68.41,69.34 1 3
tp07/back/handlers.go:69.34,72.5 2 0
tp07/back/handlers.go:73.4,76.18 4 3
tp07/back/handlers.go:76.18,79.5 2 0
tp07/back/handlers.go:80.4,81.10 2 3
tp07/back/handlers.go:83.3,83.33 1 2
tp07/back/handlers.go:83.33,86.4 2 0
tp07/back/handlers.go:87.3,88.17 2 2
tp07/back/handlers.go:88.17,91.4 2 1
tp07/back/handlers.go:92.3,92.33 1 1
tp07/back/handlers.go:95.2,95.74 1 22
tp07/back/handlers.go:95.74,97.19 2 3
tp07/back/handlers.go:98.23,99.29 1 1
tp07/back/handlers.go:100.24,101.31 1 2
tp07/back/handlers.go:102.11,103.46 1 0
tp07/back/handlers.go:108.37,110.2 1 28
tp07/back/handlers.go:112.62,115.2 2 15
tp07/back/handlers.go:121.75,123.16 2 3
tp07/back/handlers.go:123.16,126.3 2 1
tp07/back/handlers.go:127.2,127.37 1 2
tp07/back/handlers.go:130.76,132.59 2 4
tp07/back/handlers.go:132.59,135.3 2 1
tp07/back/handlers.go:136.2,137.16 2 3
tp07/back/handlers.go:137.16,140.3 2 1
tp07/back/handlers.go:141.2,142.16 2 2
tp07/back/handlers.go:142.16,145.3 2 1
tp07/back/handlers.go:146.2,147.40 2 1
tp07/back/handlers.go:150.86,152.59 2 5
tp07/back/handlers.go:152.59,155.3 2 1
tp07/back/handlers.go:156.2,157.16 2 4
tp07/back/handlers.go:157.16,160.3 2 1
tp07/back/handlers.go:161.2,162.16 2 3
tp07/back/handlers.go:162.16,163.34 1 2
tp07/back/handlers.go:163.34,166.4 2 1
tp07/back/handlers.go:167.3,168.9 2 1
tp07/back/handlers.go:170.2,170.40 1 1
tp07/back/handlers.go:173.69,174.51 1 2
tp07/back/handlers.go:174.51,175.34 1 1
tp07/back/handlers.go:175.34,178.4 2 1
tp07/back/handlers.go:179.3,180.9 2 0
tp07/back/handlers.go:182.2,182.37 1 1
tp07/back/handlers.go:201.74,203.65 2 2
tp07/back/handlers.go:203.65,206.3 2 0
tp07/back/handlers.go:207.2,207.55 1 2
tp07/back/handlers.go:207.55,210.3 2 1
tp07/back/handlers.go:211.2,219.16 2 1
tp07/back/handlers.go:219.16,222.3 2 0
tp07/back/handlers.go:223.2,224.40 2 1
tp07/back/handlers.go:227.51,228.23 1 2
tp07/back/handlers.go:228.23,230.3 1 1
tp07/back/handlers.go:231.2,231.39 1 1
tp07/back/handlers.go:231.39,233.3 1 0
tp07/back/handlers.go:234.2,234.41 1 1
tp07/back/handlers.go:234.41,236.3 1 0
tp07/back/handlers.go:237.2,237.34 1 1
tp07/back/handlers.go:237.34,239.3 1 0
tp07/back/handlers.go:240.2,240.12 1 1
tp07/back/handlers.go:243.73,245.51 2 1
tp07/back/handlers.go:245.51,247.17 2 1
tp07/back/handlers.go:247.17,250.4 2 0
tp07/back/handlers.go:251.3,251.25 1 1
tp07/back/handlers.go:253.2,253.47 1 1
tp07/back/handlers.go:253.47,255.3 1 0
tp07/back/handlers.go:256.2,256.46 1 1
tp07/back/handlers.go:256.46,258.3 1 0
tp07/back/handlers.go:260.2,261.16 2 1
tp07/back/handlers.go:261.16,264.3 2 0
tp07/back/handlers.go:265.2,266.16 2 1
tp07/back/handlers.go:266.16,269.3 2 0
tp07/back/handlers.go:270.2,273.4 1 1
tp07/back/handlers.go:283.84,285.65 2 1
tp07/back/handlers.go:285.65,288.3 2 0
tp07/back/handlers.go:289.2,289.75 1 1
tp07/back/handlers.go:289.75,292.3 2 0
tp07/back/handlers.go:293.2,299.16 2 1
tp07/back/handlers.go:299.16,300.34 1 0
tp07/back/handlers.go:300.34,303.4 2 0
tp07/back/handlers.go:304.3,304.43 1 0
tp07/back/handlers.go:304.43,307.4 2 0
tp07/back/handlers.go:308.3,309.9 2 0
tp07/back/handlers.go:311.2,311.40 1 1
tp07/back/handlers.go:318.88,320.65 2 3
tp07/back/handlers.go:320.65,323.3 2 0
tp07/back/handlers.go:324.2,325.17 2 3
tp07/back/handlers.go:325.17,328.3 2 0
tp07/back/handlers.go:329.2,330.16 2 3
tp07/back/handlers.go:330.16,331.34 1 1
tp07/back/handlers.go:331.34,334.4 2 0
tp07/back/handlers.go:335.3,335.43 1 1
tp07/back/handlers.go:335.43,338.4 2 1
tp07/back/handlers.go:339.3,340.9 2 0
tp07/back/handlers.go:342.2,342.40 1 2
tp07/back/handlers.go:367.75,369.65 2 2
tp07/back/handlers.go:369.65,372.3 2 0
tp07/back/handlers.go:373.2,373.56 1 2
tp07/back/handlers.go:373.56,376.3 2 1
tp07/back/handlers.go:377.2,386.16 2 1
tp07/back/handlers.go:386.16,389.3 2 0
tp07/back/handlers.go:390.2,391.40 2 1
tp07/back/handlers.go:394.53,395.23 1 2
tp07/back/handlers.go:395.23,397.3 1 1
tp07/back/handlers.go:398.2,398.39 1 1
tp07/back/handlers.go:398.39,400.3 1 0
tp07/back/handlers.go:401.2,401.22 1 1
tp07/back/handlers.go:401.22,403.3 1 0
tp07/back/handlers.go:404.2,404.47 1 1
tp07/back/handlers.go:404.47,406.3 1 0
tp07/back/handlers.go:407.2,407.12 1 1
tp07/back/handlers.go:410.73,412.51 2 1
tp07/back/handlers.go:412.51,414.17 2 1
tp07/back/handlers.go:414.17,417.4 2 0
tp07/back/handlers.go:418.3,418.25 1 1
tp07/back/handlers.go:420.2,420.47 1 1
tp07/back/handlers.go:420.47,422.3 1 0
tp07/back/handlers.go:424.2,425.16 2 1
tp07/back/handlers.go:425.16,428.3 2 0
tp07/back/handlers.go:429.2,430.16 2 1
tp07/back/handlers.go:430.16,433.3 2 0
tp07/back/handlers.go:434.2,440.4 1 1
tp07/back/main.go:9.13,11.15 2 0
tp07/back/main.go:11.15,13.3 1 0
tp07/back/main.go:14.2,15.16 2 0
tp07/back/main.go:15.16,17.3 1 0
tp07/back/main.go:18.2,19.37 2 0
tp07/back/main.go:19.37,21.3 1 0
tp07/back/main.go:23.2,29.65 6 0
tp07/back/main.go:29.65,31.3 1 0
tp07/back/main.go:35.47,36.71 1 1
tp07/back/main.go:36.71,41.37 4 1
tp07/back/main.go:41.37,44.4 2 1
tp07/back/main.go:45.3,45.23 1 0
tp07/back/store.go:95.43,97.16 2 22
tp07/back/store.go:97.16,99.3 1 0
tp07/back/store.go:100.2,100.28 1 22
tp07/back/store.go:103.31,104.29 1 22
tp07/back/store.go:104.29,106.3 1 0
tp07/back/store.go:107.2,107.21 1 22
tp07/back/store.go:110.30,145.2 2 22
tp07/back/store.go:147.53,149.16 2 3
tp07/back/store.go:149.16,151.3 1 1
tp07/back/store.go:152.2,156.18 3 2
tp07/back/store.go:156.18,158.51 2 2
tp07/back/store.go:158.51,160.4 1 0
tp07/back/store.go:161.3,161.29 1 2
tp07/back/store.go:163.2,163.27 1 2
tp07/back/store.go:166.63,168.16 2 10
tp07/back/store.go:168.16,170.3 1 1
tp07/back/store.go:171.2,172.16 2 9
tp07/back/store.go:172.16,174.3 1 0
tp07/back/store.go:175.2,175.42 1 9
tp07/back/store.go:178.73,180.16 2 4
tp07/back/store.go:180.16,182.3 1 1
tp07/back/store.go:183.2,184.16 2 3
tp07/back/store.go:184.16,186.3 1 0
tp07/back/store.go:187.2,187.19 1 3
tp07/back/store.go:187.19,189.3 1 2
tp07/back/store.go:190.2,190.42 1 1
tp07/back/store.go:193.48,195.16 2 2
tp07/back/store.go:195.16,197.3 1 0
tp07/back/store.go:198.2,199.16 2 2
tp07/back/store.go:199.16,201.3 1 0
tp07/back/store.go:202.2,202.19 1 2
tp07/back/store.go:202.19,204.3 1 1
tp07/back/store.go:205.2,205.12 1 1
tp07/back/store.go:210.101,217.17 5 1
tp07/back/store.go:217.17,221.3 3 1
tp07/back/store.go:222.2,225.16 3 1
tp07/back/store.go:225.16,227.3 1 0
tp07/back/store.go:228.2,231.18 3 1
tp07/back/store.go:231.18,233.160 2 1
tp07/back/store.go:233.160,235.4 1 0
tp07/back/store.go:236.3,236.30 1 1
tp07/back/store.go:238.2,238.27 1 1
tp07/back/store.go:241.72,244.27 3 2
tp07/back/store.go:244.27,247.3 2 2
tp07/back/store.go:248.2,248.25 1 2
tp07/back/store.go:248.25,251.3 2 0
tp07/back/store.go:252.2,252.24 1 2
tp07/back/store.go:252.24,255.3 2 0
tp07/back/store.go:256.2,256.45 1 2
tp07/back/store.go:259.98,260.51 1 1
tp07/back/store.go:260.51,262.3 1 0
tp07/back/store.go:263.2,267.16 2 1
tp07/back/store.go:267.16,269.3 1 0
tp07/back/store.go:270.2,271.16 2 1
tp07/back/store.go:271.16,273.3 1 0
tp07/back/store.go:274.2,274.39 1 1
tp07/back/store.go:277.110,280.28 3 1
tp07/back/store.go:280.28,283.3 2 0
tp07/back/store.go:284.2,284.26 1 1
tp07/back/store.go:284.26,285.56 1 1
tp07/back/store.go:285.56,287.4 1 0
tp07/back/store.go:288.3,289.38 2 1
tp07/back/store.go:291.2,291.29 1 1
tp07/back/store.go:291.29,294.3 2 0
tp07/back/store.go:295.2,295.33 1 1
tp07/back/store.go:295.33,298.3 2 0
tp07/back/store.go:299.2,299.26 1 1
tp07/back/store.go:299.26,301.3 1 0
tp07/back/store.go:302.2,304.16 3 1
tp07/back/store.go:304.16,306.3 1 0
tp07/back/store.go:307.2,308.16 2 1
tp07/back/store.go:308.16,310.3 1 0
tp07/back/store.go:311.2,311.14 1 1
tp07/back/store.go:311.14,313.3 1 0
tp07/back/store.go:314.2,314.39 1 1
tp07/back/store.go:317.100,319.16 2 3
tp07/back/store.go:319.16,321.3 1 0
tp07/back/store.go:322.2,323.12 2 3
tp07/back/store.go:323.12,325.3 1 1
tp07/back/store.go:326.2,327.16 2 2
tp07/back/store.go:327.16,329.3 1 0
tp07/back/store.go:330.2,330.39 1 2
tp07/back/store.go:333.79,339.158 3 7
tp07/back/store.go:339.158,340.36 1 0
tp07/back/store.go:340.36,342.4 1 0
tp07/back/store.go:343.3,343.34 1 0
tp07/back/store.go:345.2,345.16 1 7
tp07/back/store.go:348.62,349.27 1 1
tp07/back/store.go:349.27,351.3 1 0
tp07/back/store.go:352.2,352.43 1 1
tp07/back/store.go:352.43,354.3 1 0
tp07/back/store.go:355.2,355.45 1 1
tp07/back/store.go:355.45,357.3 1 0
tp07/back/store.go:358.2,358.53 1 1
tp07/back/store.go:358.53,360.3 1 0
tp07/back/store.go:361.2,361.12 1 1
tp07/back/store.go:364.39,365.30 1 2
tp07/back/store.go:365.30,367.3 1 0
tp07/back/store.go:368.2,368.12 1 2
tp07/back/store.go:371.51,372.17 1 3
tp07/back/store.go:373.24,374.38 1 1
tp07/back/store.go:375.28,376.37 1 1
tp07/back/store.go:377.10,378.15 1 1
tp07/back/store.go:382.105,391.17 5 1
tp07/back/store.go:391.17,395.3 3 1
tp07/back/store.go:396.2,399.16 3 1
tp07/back/store.go:399.16,401.3 1 0
tp07/back/store.go:402.2,405.18 3 1
tp07/back/store.go:405.18,407.115 2 1
tp07/back/store.go:407.115,409.4 1 0
tp07/back/store.go:410.3,410.31 1 1
tp07/back/store.go:412.2,412.27 1 1
tp07/back/store.go:417.83,424.17 5 1
tp07/back/store.go:424.17,428.3 3 1
tp07/back/store.go:429.2,432.16 3 1
tp07/back/store.go:432.16,434.3 1 0
tp07/back/store.go:435.2,438.18 3 1
tp07/back/store.go:438.18,440.183 2 1
tp07/back/store.go:440.183,442.4 1 0
tp07/back/store.go:443.3,443.30 1 1
tp07/back/store.go:445.2,445.27 1 1
tp07/back/store.go:448.63,451.27 3 2
tp07/back/store.go:451.27,454.3 2 2
tp07/back/store.go:455.2,455.25 1 2
tp07/back/store.go:455.25,458.3 2 0
tp07/back/store.go:459.2,459.45 1 2
tp07/back/store.go:472.86,473.52 1 1
tp07/back/store.go:473.52,475.3 1 0
tp07/back/store.go:476.2,481.16 3 1
tp07/back/store.go:481.16,483.3 1 0
tp07/back/store.go:484.2,485.16 2 1
tp07/back/store.go:485.16,487.3 1 0
tp07/back/store.go:488.2,488.29 1 1
tp07/back/store.go:491.94,493.2 1 1
tp07/back/store.go:495.59,496.27 1 1
tp07/back/store.go:496.27,498.3 1 0
tp07/back/store.go:499.2,499.43 1 1
tp07/back/store.go:499.43,501.3 1 0
tp07/back/store.go:502.2,502.26 1 1
tp07/back/store.go:502.26,504.3 1 0
tp07/back/store.go:505.2,505.55 1 1
tp07/back/store.go:505.55,507.3 1 0
tp07/back/store.go:508.2,508.12 1 1
tp07/back/store.go:511.65,517.181 3 1
tp07/back/store.go:517.181,518.36 1 0
tp07/back/store.go:518.36,520.4 1 0
tp07/back/store.go:521.3,521.30 1 0
tp07/back/store.go:523.2,523.16 1 1
tp07/back/store.go:526.92,532.17 5 1
tp07/back/store.go:532.17,536.3 3 1
tp07/back/store.go:537.2,540.16 3 1
tp07/back/store.go:540.16,542.3 1 0
tp07/back/store.go:543.2,547.18 4 1
tp07/back/store.go:547.18,549.60 2 1
tp07/back/store.go:549.60,551.4 1 0
tp07/back/store.go:552.3,553.26 2 1
tp07/back/store.go:555.2,555.35 1 1
tp07/back/store.go:555.35,557.3 1 0
tp07/back/store.go:558.2,558.35 1 1
